\BOOKMARK [0][-]{chapter.1}{Introducci\363n.}{}% 1
\BOOKMARK [0][-]{chapter.2}{Fundamentos te\363ricos matem\341ticos.}{}% 2
\BOOKMARK [1][-]{section.2.1}{C\341lculo vectorial.}{chapter.2}% 3
\BOOKMARK [1][-]{section.2.2}{C\341lculo integral.}{chapter.2}% 4
\BOOKMARK [1][-]{section.2.3}{Ecuaci\363nes Diferenciales.}{chapter.2}% 5
\BOOKMARK [2][-]{subsection.2.3.1}{Ecuaci\363n de Laplace.}{section.2.3}% 6
\BOOKMARK [2][-]{subsection.2.3.2}{Ecuaci\363n de Helmholtz.}{section.2.3}% 7
\BOOKMARK [0][-]{chapter.3}{Fundamentos te\363ricos el\351ctricos.}{}% 8
\BOOKMARK [1][-]{section.3.1}{Campo el\351ctrico y campo magn\351tico.}{chapter.3}% 9
\BOOKMARK [2][-]{subsection.3.1.1}{Campo el\351ctrico.}{section.3.1}% 10
\BOOKMARK [2][-]{subsection.3.1.2}{Campo magn\351tico.}{section.3.1}% 11
\BOOKMARK [2][-]{subsection.3.1.3}{Leyes de Maxwell.}{section.3.1}% 12
\BOOKMARK [0][-]{chapter.4}{M\351todo de elementos de borde.}{}% 13
\BOOKMARK [0][-]{chapter.5}{Biblioteca bempp.}{}% 14
\BOOKMARK [1][-]{section.5.1}{Estructura.}{chapter.5}% 15
\BOOKMARK [2][-]{subsection.5.1.1}{Algoritmo y explicaci\363n.}{section.5.1}% 16
\BOOKMARK [0][-]{chapter.6}{Planteamiento del problema}{}% 17
\BOOKMARK [0][-]{chapter.7}{Condiciones del problema.}{}% 18
\BOOKMARK [1][-]{section.7.1}{Creaci\363n de mallas.}{chapter.7}% 19
\BOOKMARK [1][-]{section.7.2}{Desarrollo del problema.}{chapter.7}% 20
\BOOKMARK [0][-]{chapter.8}{Conclusiones.}{}% 21
\BOOKMARK [0][-]{chapter.9}{Anexos}{}% 22
\BOOKMARK [1][-]{section.9.1}{Anexo I: C\363digo 1.}{chapter.9}% 23
