This is pdfTeX, Version 3.14159265-2.6-1.40.19 (MiKTeX 2.9.6630 64-bit) (preloaded format=pdflatex 2018.6.9)  25 OCT 2018 01:39
entering extended mode
**./Portada.tex
(Portada.tex
LaTeX2e <2017-04-15>
Babel <3.18> and hyphenation patterns for 75 language(s) loaded.

! LaTeX Error: Environment titlepage undefined.

See the LaTeX manual or LaTeX Companion for explanation.
Type  H <return>  for immediate help.
 ...                                              
                                                  
l.1 \begin{titlepage}
                     
Your command was ignored.
Type  I <command> <return>  to replace it with another command,
or  <return>  to continue without it.


! LaTeX Error: Missing \begin{document}.

See the LaTeX manual or LaTeX Companion for explanation.
Type  H <return>  for immediate help.
 ...                                              
                                                  
l.3 	\begin{center}
                   
You're in trouble here.  Try typing  <return>  to proceed.
If that doesn't work, type  X <return>  to quit.


Overfull \hbox (20.0pt too wide) in paragraph at lines 3--3
[] 
 []

! Undefined control sequence.
l.6 		\Large
             \textbf{UNIVERSIDAD T√âCNICA FEDERICO SANTA MAR√çA}\\
The control sequence at the end of the top line
of your error message was never \def'ed. If you have
misspelled it (e.g., `\hobx'), type `I' and the correct
spelling (e.g., `I\hbox'). Otherwise just continue,
and I'll forget about whatever was undefined.

Missing character: There is no √ in font cmbx10!
Missing character: There is no â in font cmbx10!
Missing character: There is no √ in font cmbx10!
Missing character: There is no ç in font cmbx10!

Overfull \hbox (83.84676pt too wide) in paragraph at lines 6--6
 \OT1/cmr/bx/n/10 UNIVERSIDAD 
 []


Overfull \hbox (20.13878pt too wide) in paragraph at lines 6--6
 \OT1/cmr/bx/n/10 TC- 
 []


Overfull \hbox (30.36095pt too wide) in paragraph at lines 6--6
 \OT1/cmr/bx/n/10 NICA 
 []


Overfull \hbox (27.44429pt too wide) in paragraph at lines 6--6
 \OT1/cmr/bx/n/10 FED- 
 []


Overfull \hbox (37.4859pt too wide) in paragraph at lines 6--6
 \OT1/cmr/bx/n/10 ERICO 
 []


Overfull \hbox (39.81923pt too wide) in paragraph at lines 6--6
 \OT1/cmr/bx/n/10 SANTA 
 []


Overfull \hbox (36.93036pt too wide) in paragraph at lines 6--6
 \OT1/cmr/bx/n/10 MARA 
 []

! Undefined control sequence.
l.8 		\large
             \textbf{DEPARTAMENTO DE INGENIER√çA MEC√ÅNICA} \\
The control sequence at the end of the top line
of your error message was never \def'ed. If you have
misspelled it (e.g., `\hobx'), type `I' and the correct
spelling (e.g., `I\hbox'). Otherwise just continue,
and I'll forget about whatever was undefined.

Missing character: There is no √ in font cmbx10!
Missing character: There is no ç in font cmbx10!
Missing character: There is no √ in font cmbx10!
Missing character: There is no Å in font cmbx10!

Overfull \hbox (99.48557pt too wide) in paragraph at lines 8--8
 []\OT1/cmr/bx/n/10 DEPARTAMENTO 
 []


Overfull \hbox (16.37491pt too wide) in paragraph at lines 8--8
 \OT1/cmr/bx/n/10 DE 
 []


Overfull \hbox (17.19435pt too wide) in paragraph at lines 8--8
 \OT1/cmr/bx/n/10 IN- 
 []


Overfull \hbox (20.43044pt too wide) in paragraph at lines 8--8
 \OT1/cmr/bx/n/10 GE- 
 []


Overfull \hbox (38.2359pt too wide) in paragraph at lines 8--8
 \OT1/cmr/bx/n/10 NIERA 
 []


Overfull \hbox (30.61095pt too wide) in paragraph at lines 8--8
 \OT1/cmr/bx/n/10 MEC- 
 []


Overfull \hbox (30.36095pt too wide) in paragraph at lines 8--8
 \OT1/cmr/bx/n/10 NICA 
 []

Missing character: There is no √ in font cmbx10!
Missing character: There is no ç in font cmbx10!

Overfull \hbox (70.97183pt too wide) in paragraph at lines 10--11
 []\OT1/cmr/bx/n/10 VALPARASO 
 []


Overfull \hbox (3.83331pt too wide) in paragraph at lines 10--11
 \OT1/cmr/bx/n/10 - 
 []


Overfull \hbox (36.13869pt too wide) in paragraph at lines 10--11
 \OT1/cmr/bx/n/10 CHILE 
 []


! LaTeX Error: Environment figure undefined.

See the LaTeX manual or LaTeX Companion for explanation.
Type  H <return>  for immediate help.
 ...                                              
                                                  
l.12 		\begin{figure}
                     [h!]
Your command was ignored.
Type  I <command> <return>  to replace it with another command,
or  <return>  to continue without it.

Missing character: There is no [ in font nullfont!
Missing character: There is no h in font nullfont!
Missing character: There is no ! in font nullfont!
Missing character: There is no ] in font nullfont!
! Undefined control sequence.
l.13 			\centering\includegraphics
                                  [height=50mm]{Imagenes/logousm.jpg}
The control sequence at the end of the top line
of your error message was never \def'ed. If you have
misspelled it (e.g., `\hobx'), type `I' and the correct
spelling (e.g., `I\hbox'). Otherwise just continue,
and I'll forget about whatever was undefined.

Missing character: There is no [ in font nullfont!
Missing character: There is no h in font nullfont!
Missing character: There is no e in font nullfont!
Missing character: There is no i in font nullfont!
Missing character: There is no g in font nullfont!
Missing character: There is no h in font nullfont!
Missing character: There is no t in font nullfont!
Missing character: There is no = in font nullfont!
Missing character: There is no 5 in font nullfont!
Missing character: There is no 0 in font nullfont!
Missing character: There is no m in font nullfont!
Missing character: There is no m in font nullfont!
Missing character: There is no ] in font nullfont!
Missing character: There is no I in font nullfont!
Missing character: There is no m in font nullfont!
Missing character: There is no a in font nullfont!
Missing character: There is no g in font nullfont!
Missing character: There is no e in font nullfont!
Missing character: There is no n in font nullfont!
Missing character: There is no e in font nullfont!
Missing character: There is no s in font nullfont!
Missing character: There is no / in font nullfont!
Missing character: There is no l in font nullfont!
Missing character: There is no o in font nullfont!
Missing character: There is no g in font nullfont!
Missing character: There is no o in font nullfont!
Missing character: There is no u in font nullfont!
Missing character: There is no s in font nullfont!
Missing character: There is no m in font nullfont!
Missing character: There is no . in font nullfont!
Missing character: There is no j in font nullfont!
Missing character: There is no p in font nullfont!
Missing character: There is no g in font nullfont!

! LaTeX Error: \begin{center} on input line 3 ended by \end{figure}.

See the LaTeX manual or LaTeX Companion for explanation.
Type  H <return>  for immediate help.
 ...                                              
                                                  
l.14 		\end{figure}
                   
Your command was ignored.
Type  I <command> <return>  to replace it with another command,
or  <return>  to continue without it.

! Undefined control sequence.
l.16 		\Large
              \textbf{Emulaci√≥n num√©rico-computacional del comportamiento ...
The control sequence at the end of the top line
of your error message was never \def'ed. If you have
misspelled it (e.g., `\hobx'), type `I' and the correct
spelling (e.g., `I\hbox'). Otherwise just continue,
and I'll forget about whatever was undefined.

Missing character: There is no √ in font cmbx10!
Missing character: There is no ≥ in font cmbx10!
Missing character: There is no √ in font cmbx10!
Missing character: There is no © in font cmbx10!
Missing character: There is no √ in font cmbx10!
Missing character: There is no © in font cmbx10!
Missing character: There is no √ in font cmbx10!
Missing character: There is no ° in font cmbx10!
Missing character: There is no √ in font cmbx10!
Missing character: There is no © in font cmbx10!

Overfull \hbox (20.9721pt too wide) in paragraph at lines 12--16
 \OT1/cmr/bx/n/10 Em- 
 []


Overfull \hbox (10.22217pt too wide) in paragraph at lines 12--16
 \OT1/cmr/bx/n/10 u- 
 []


Overfull \hbox (23.47902pt too wide) in paragraph at lines 12--16
 \OT1/cmr/bx/n/10 lacin 
 []


Overfull \hbox (44.66644pt too wide) in paragraph at lines 12--16
 \OT1/cmr/bx/n/10 numrico- 
 []


Overfull \hbox (72.51346pt too wide) in paragraph at lines 12--16
 \OT1/cmr/bx/n/10 computacional 
 []


Overfull \hbox (14.8541pt too wide) in paragraph at lines 12--16
 \OT1/cmr/bx/n/10 del 
 []


Overfull \hbox (24.27765pt too wide) in paragraph at lines 12--16
 \OT1/cmr/bx/n/10 com- 
 []


Overfull \hbox (21.02768pt too wide) in paragraph at lines 12--16
 \OT1/cmr/bx/n/10 por- 
 []


Overfull \hbox (44.40253pt too wide) in paragraph at lines 12--16
 \OT1/cmr/bx/n/10 tamiento 
 []


Overfull \hbox (14.8541pt too wide) in paragraph at lines 12--16
 \OT1/cmr/bx/n/10 del 
 []


Overfull \hbox (32.74286pt too wide) in paragraph at lines 12--16
 \OT1/cmr/bx/n/10 campo 
 []


Overfull \hbox (24.75679pt too wide) in paragraph at lines 12--16
 \OT1/cmr/bx/n/10 mag- 
 []


Overfull \hbox (10.22217pt too wide) in paragraph at lines 12--16
 \OT1/cmr/bx/n/10 n- 
 []


Overfull \hbox (18.52768pt too wide) in paragraph at lines 12--16
 \OT1/cmr/bx/n/10 tico 
 []


Overfull \hbox (22.68045pt too wide) in paragraph at lines 12--16
 \OT1/cmr/bx/n/10 elec- 
 []


Overfull \hbox (33.3901pt too wide) in paragraph at lines 12--16
 \OT1/cmr/bx/n/10 troest- 
 []


Overfull \hbox (18.52768pt too wide) in paragraph at lines 12--16
 \OT1/cmr/bx/n/10 tico 
 []


Overfull \hbox (11.65967pt too wide) in paragraph at lines 12--16
 \OT1/cmr/bx/n/10 en 
 []


Overfull \hbox (8.46524pt too wide) in paragraph at lines 12--16
 \OT1/cmr/bx/n/10 el 
 []


Overfull \hbox (28.85403pt too wide) in paragraph at lines 12--16
 \OT1/cmr/bx/n/10 borde 
 []


Overfull \hbox (11.65967pt too wide) in paragraph at lines 12--16
 \OT1/cmr/bx/n/10 de 
 []


Overfull \hbox (16.61102pt too wide) in paragraph at lines 12--16
 \OT1/cmr/bx/n/10 mi- 
 []


Overfull \hbox (19.43047pt too wide) in paragraph at lines 12--16
 \OT1/cmr/bx/n/10 cro- 
 []


Overfull \hbox (13.4166pt too wide) in paragraph at lines 12--16
 \OT1/cmr/bx/n/10 hi- 
 []


Overfull \hbox (13.48047pt too wide) in paragraph at lines 12--16
 \OT1/cmr/bx/n/10 los 
 []


Overfull \hbox (17.3541pt too wide) in paragraph at lines 12--16
 \OT1/cmr/bx/n/10 fer- 
 []


Overfull \hbox (14.31938pt too wide) in paragraph at lines 12--16
 \OT1/cmr/bx/n/10 ro- 
 []


Overfull \hbox (24.75679pt too wide) in paragraph at lines 12--16
 \OT1/cmr/bx/n/10 mag- 
 []


Overfull \hbox (10.22217pt too wide) in paragraph at lines 12--16
 \OT1/cmr/bx/n/10 n- 
 []


Overfull \hbox (11.49994pt too wide) in paragraph at lines 12--16
 \OT1/cmr/bx/n/10 ti- 
 []


Overfull \hbox (15.39713pt too wide) in paragraph at lines 12--16
 \OT1/cmr/bx/n/10 cos 
 []

! Undefined control sequence.
l.18 		\large
             \centering \textbf{REN√â EDUARDO VEL√ÅSQUEZ C√ÅRCAMO}\\
The control sequence at the end of the top line
of your error message was never \def'ed. If you have
misspelled it (e.g., `\hobx'), type `I' and the correct
spelling (e.g., `I\hbox'). Otherwise just continue,
and I'll forget about whatever was undefined.

Missing character: There is no √ in font cmbx10!
Missing character: There is no â in font cmbx10!
Missing character: There is no √ in font cmbx10!
Missing character: There is no Å in font cmbx10!
Missing character: There is no √ in font cmbx10!
Missing character: There is no Å in font cmbx10!

Overfull \hbox (25.18042pt too wide) in paragraph at lines 18--18
 []\OT1/cmr/bx/n/10 REN 
 []


Overfull \hbox (20.20822pt too wide) in paragraph at lines 18--18
 \OT1/cmr/bx/n/10 ED- 
 []


Overfull \hbox (43.62476pt too wide) in paragraph at lines 18--18
 \OT1/cmr/bx/n/10 UARDO 
 []


Overfull \hbox (26.99985pt too wide) in paragraph at lines 18--18
 \OT1/cmr/bx/n/10 VEL- 
 []


Overfull \hbox (38.45811pt too wide) in paragraph at lines 18--18
 \OT1/cmr/bx/n/10 SQUEZ 
 []


Overfull \hbox (20.76378pt too wide) in paragraph at lines 18--18
 \OT1/cmr/bx/n/10 CR- 
 []


Overfull \hbox (36.55536pt too wide) in paragraph at lines 18--18
 \OT1/cmr/bx/n/10 CAMO 
 []


! LaTeX Error: The font size command \normalsize is not defined:
               there is probably something wrong with the class file.

See the LaTeX manual or LaTeX Companion for explanation.
Type  H <return>  for immediate help.
 ...                                              
                                                  
l.20 		\centering\normalsize
                             \textbf{MEMORIA DE TITULACI√ìN PARA OPTAR AL T√...

Your command was ignored.
Type  I <command> <return>  to replace it with another command,
or  <return>  to continue without it.

Missing character: There is no √ in font cmbx10!
Missing character: There is no ì in font cmbx10!
Missing character: There is no √ in font cmbx10!
Missing character: There is no ç in font cmbx10!
Missing character: There is no √ in font cmbx10!
Missing character: There is no Å in font cmbx10!
Missing character: There is no √ in font cmbx10!
Missing character: There is no ì in font cmbx10!
Missing character: There is no √ in font cmbx10!
Missing character: There is no ç in font cmbx10!

Overfull \hbox (59.70801pt too wide) in paragraph at lines 20--20
 []\OT1/cmr/bx/n/10 MEMORIA 
 []


Overfull \hbox (16.37491pt too wide) in paragraph at lines 20--20
 \OT1/cmr/bx/n/10 DE 
 []


Overfull \hbox (24.1943pt too wide) in paragraph at lines 20--20
 \OT1/cmr/bx/n/10 TIT- 
 []


Overfull \hbox (12.68048pt too wide) in paragraph at lines 20--20
 \OT1/cmr/bx/n/10 U- 
 []


Overfull \hbox (36.95813pt too wide) in paragraph at lines 20--20
 \OT1/cmr/bx/n/10 LACIN 
 []


Overfull \hbox (32.91649pt too wide) in paragraph at lines 20--20
 \OT1/cmr/bx/n/10 PARA 
 []


Overfull \hbox (20.33322pt too wide) in paragraph at lines 20--20
 \OT1/cmr/bx/n/10 OP- 
 []


Overfull \hbox (24.36098pt too wide) in paragraph at lines 20--20
 \OT1/cmr/bx/n/10 TAR 
 []


Overfull \hbox (15.61102pt too wide) in paragraph at lines 20--20
 \OT1/cmr/bx/n/10 AL 
 []


Overfull \hbox (40.40254pt too wide) in paragraph at lines 20--20
 \OT1/cmr/bx/n/10 TTULO 
 []


Overfull \hbox (16.37491pt too wide) in paragraph at lines 20--20
 \OT1/cmr/bx/n/10 DE 
 []


Overfull \hbox (17.19435pt too wide) in paragraph at lines 20--20
 \OT1/cmr/bx/n/10 IN- 
 []


Overfull \hbox (20.43044pt too wide) in paragraph at lines 20--20
 \OT1/cmr/bx/n/10 GE- 
 []


Overfull \hbox (37.8609pt too wide) in paragraph at lines 20--20
 \OT1/cmr/bx/n/10 NIERO 
 []


Overfull \hbox (32.6387pt too wide) in paragraph at lines 20--20
 \OT1/cmr/bx/n/10 CIVIL 
 []


Overfull \hbox (30.61095pt too wide) in paragraph at lines 20--20
 \OT1/cmr/bx/n/10 MEC- 
 []


Overfull \hbox (30.30539pt too wide) in paragraph at lines 20--20
 \OT1/cmr/bx/n/10 NICO 
 []


Overfull \hbox (49.13863pt too wide) in paragraph at lines 20--20
 \OT1/cmr/bx/n/10 MENCIN 
 []


Overfull \hbox (20.38878pt too wide) in paragraph at lines 20--20
 \OT1/cmr/bx/n/10 EN- 
 []


Overfull \hbox (33.59703pt too wide) in paragraph at lines 20--20
 \OT1/cmr/bx/n/10 ERGA 
 []


! LaTeX Error: The font size command \normalsize is not defined:
               there is probably something wrong with the class file.

See the LaTeX manual or LaTeX Companion for explanation.
Type  H <return>  for immediate help.
 ...                                              
                                                  
l.22 		\centering\normalsize
                             \textbf{PROFESOR GU√çA: \hspace{2.5cm} Ph. D. I...

Your command was ignored.
Type  I <command> <return>  to replace it with another command,
or  <return>  to continue without it.

Missing character: There is no √ in font cmbx10!
Missing character: There is no ç in font cmbx10!
Missing character: There is no √ in font cmbx10!
Missing character: There is no Å in font cmbx10!

Overfull \hbox (63.24965pt too wide) in paragraph at lines 22--22
 []\OT1/cmr/bx/n/10 PROFESOR 
 []


Overfull \hbox (29.7776pt too wide) in paragraph at lines 22--22
 \OT1/cmr/bx/n/10 GUA: 
 []


Overfull \hbox (17.44435pt too wide) in paragraph at lines 22--22
 \OT1/cmr/bx/n/10 Ph. 
 []


Overfull \hbox (12.01382pt too wide) in paragraph at lines 22--22
 \OT1/cmr/bx/n/10 D. 
 []


Overfull \hbox (19.69434pt too wide) in paragraph at lines 22--22
 \OT1/cmr/bx/n/10 Ing. 
 []


Overfull \hbox (57.15247pt too wide) in paragraph at lines 22--22
 \OT1/cmr/bx/n/10 CHRISTO- 
 []


Overfull \hbox (33.04149pt too wide) in paragraph at lines 22--22
 \OT1/cmr/bx/n/10 PHER 
 []


Overfull \hbox (49.62473pt too wide) in paragraph at lines 22--22
 \OT1/cmr/bx/n/10 COOPER 
 []


Overfull \hbox (23.80542pt too wide) in paragraph at lines 22--22
 \OT1/cmr/bx/n/10 VIL- 
 []


Overfull \hbox (19.44434pt too wide) in paragraph at lines 22--22
 \OT1/cmr/bx/n/10 LA- 
 []


Overfull \hbox (26.66652pt too wide) in paragraph at lines 22--22
 \OT1/cmr/bx/n/10 GRN 
 []


! LaTeX Error: The font size command \normalsize is not defined:
               there is probably something wrong with the class file.

See the LaTeX manual or LaTeX Companion for explanation.
Type  H <return>  for immediate help.
 ...                                              
                                                  
l.24 		\centering\normalsize
                             \textbf{PROFESOR CORREFERENTE: \hspace{1cm} Ph....

Your command was ignored.
Type  I <command> <return>  to replace it with another command,
or  <return>  to continue without it.


Overfull \hbox (63.24965pt too wide) in paragraph at lines 24--24
 []\OT1/cmr/bx/n/10 PROFESOR 
 []


Overfull \hbox (29.40262pt too wide) in paragraph at lines 24--24
 \OT1/cmr/bx/n/10 COR- 
 []


Overfull \hbox (27.24985pt too wide) in paragraph at lines 24--24
 \OT1/cmr/bx/n/10 REF- 
 []


Overfull \hbox (20.01378pt too wide) in paragraph at lines 24--24
 \OT1/cmr/bx/n/10 ER- 
 []


Overfull \hbox (35.30536pt too wide) in paragraph at lines 24--24
 \OT1/cmr/bx/n/10 ENTE: 
 []


Overfull \hbox (17.44435pt too wide) in paragraph at lines 24--24
 \OT1/cmr/bx/n/10 Ph. 
 []


Overfull \hbox (12.01382pt too wide) in paragraph at lines 24--24
 \OT1/cmr/bx/n/10 D. 
 []


Overfull \hbox (19.69434pt too wide) in paragraph at lines 24--24
 \OT1/cmr/bx/n/10 Ing. 
 []


Overfull \hbox (26.99985pt too wide) in paragraph at lines 24--24
 \OT1/cmr/bx/n/10 ALE- 
 []


Overfull \hbox (27.47208pt too wide) in paragraph at lines 24--24
 \OT1/cmr/bx/n/10 JAN- 
 []


Overfull \hbox (25.76375pt too wide) in paragraph at lines 24--24
 \OT1/cmr/bx/n/10 DRO 
 []


Overfull \hbox (57.08302pt too wide) in paragraph at lines 24--24
 \OT1/cmr/bx/n/10 PACHECO 
 []


Overfull \hbox (27.91652pt too wide) in paragraph at lines 24--24
 \OT1/cmr/bx/n/10 SAN- 
 []


Overfull \hbox (32.48593pt too wide) in paragraph at lines 24--24
 \OT1/cmr/bx/n/10 JUAN 
 []


! LaTeX Error: The font size command \normalsize is not defined:
               there is probably something wrong with the class file.

See the LaTeX manual or LaTeX Companion for explanation.
Type  H <return>  for immediate help.
 ...                                              
                                                  
l.26 		\centering\normalsize
                             \textbf{NOVIEMBRE - 2018}\\
Your command was ignored.
Type  I <command> <return>  to replace it with another command,
or  <return>  to continue without it.


Overfull \hbox (73.20793pt too wide) in paragraph at lines 26--26
 []\OT1/cmr/bx/n/10 NOVIEMBRE 
 []


Overfull \hbox (3.83331pt too wide) in paragraph at lines 26--26
 \OT1/cmr/bx/n/10 - 
 []


Overfull \hbox (22.99988pt too wide) in paragraph at lines 26--26
 \OT1/cmr/bx/n/10 2018 
 []

! Undefined control sequence.
l.28 \afterpage
               {\null\newpage}
The control sequence at the end of the top line
of your error message was never \def'ed. If you have
misspelled it (e.g., `\hobx'), type `I' and the correct
spelling (e.g., `I\hbox'). Otherwise just continue,
and I'll forget about whatever was undefined.


! LaTeX Error: The font size command \normalsize is not defined:
               there is probably something wrong with the class file.

See the LaTeX manual or LaTeX Companion for explanation.
Type  H <return>  for immediate help.
 ...                                              
                                                  
l.28 \afterpage{\null\newpage
                             }
Your command was ignored.
Type  I <command> <return>  to replace it with another command,
or  <return>  to continue without it.

[1{C:/Users/User/AppData/Local/MiKTeX/2.9/pdftex/config/pdftex.map}]

! LaTeX Error: \begin{document} ended by \end{titlepage}.

See the LaTeX manual or LaTeX Companion for explanation.
Type  H <return>  for immediate help.
 ...                                              
                                                  
l.30 \end{titlepage}
                    
Your command was ignored.
Type  I <command> <return>  to replace it with another command,
or  <return>  to continue without it.

)
! Emergency stop.
<*> ./Portada.tex
                 
*** (job aborted, no legal \end found)

 
Here is how much of TeX's memory you used:
 16 strings out of 493305
 261 string characters out of 3130238
 56825 words of memory out of 3000000
 3664 multiletter control sequences out of 15000+200000
 3948 words of font info for 15 fonts, out of 3000000 for 9000
 1141 hyphenation exceptions out of 8191
 19i,4n,14p,186b,131s stack positions out of 5000i,500n,10000p,200000b,50000s
!  ==> Fatal error occurred, no output PDF file produced!
